Thu Mar 29 16:23:59 CEST 2018 : Apache Derby Network Server - 10.8.3.2 - (1557835) started and ready to accept connections on port 1527
----------------------------------------------------------------
Thu Mar 29 16:23:59 CEST 2018:
Booting Derby version The Apache Software Foundation - Apache Derby - 10.8.3.2 - (1557835): instance a816c00e-0162-7224-d592-ffffbe3e2cc5 
on database directory C:\Users\Erik\Desktop\ORFVinder\ORFVinder databank  with class loader sun.misc.Launcher$AppClassLoader@46aea8cf 
Loaded from file:/C:/Program%20Files/Java/jdk1.7.0_80/db/lib/derby.jar
java.vendor=Oracle Corporation
java.runtime.version=1.7.0_80-b15
user.dir=C:\Program Files\Java\jdk1.7.0_80\db
os.name=Windows 8.1
os.arch=amd64
os.version=6.3
derby.system.home=C:\Users\Erik\Desktop\ORFVinder
Database Class Loader started - derby.database.classpath=''
----------------------------------------------------------------
Thu Mar 29 17:23:43 CEST 2018: Shutting down Derby engine
----------------------------------------------------------------
Thu Mar 29 17:23:43 CEST 2018:
Shutting down instance a816c00e-0162-7224-d592-ffffbe3e2cc5 on database directory C:\Users\Erik\Desktop\ORFVinder\ORFVinder databank with class loader sun.misc.Launcher$AppClassLoader@46aea8cf 
----------------------------------------------------------------
